slurmstepd: error: couldn't chdir to `/workspace': No such file or directory: going to /tmp instead
slurmstepd: error: couldn't chdir to `/workspace': No such file or directory: going to /tmp instead
slurmstepd: error: couldn't chdir to `/workspace': No such file or directory: going to /tmp instead
slurmstepd: error: couldn't chdir to `/workspace': No such file or directory: going to /tmp instead
slurmstepd: error: couldn't chdir to `/workspace': No such file or directory: going to /tmp instead
slurmstepd: error: couldn't chdir to `/workspace': No such file or directory: going to /tmp instead
slurmstepd: error: couldn't chdir to `/workspace': No such file or directory: going to /tmp instead
slurmstepd: error: couldn't chdir to `/workspace': No such file or directory: going to /tmp instead
W1031 12:10:14.736000 293439 torch/distributed/run.py:792] 
W1031 12:10:14.736000 293439 torch/distributed/run.py:792] *****************************************
W1031 12:10:14.736000 293439 torch/distributed/run.py:792] Setting OMP_NUM_THREADS environment variable for each process to be 1 in default, to avoid your system being overloaded, please further tune the variable for optimal performance in your application as needed. 
W1031 12:10:14.736000 293439 torch/distributed/run.py:792] *****************************************
W1031 12:10:30.867000 94665 torch/distributed/run.py:792] 
W1031 12:10:30.867000 94665 torch/distributed/run.py:792] *****************************************
W1031 12:10:30.867000 94665 torch/distributed/run.py:792] Setting OMP_NUM_THREADS environment variable for each process to be 1 in default, to avoid your system being overloaded, please further tune the variable for optimal performance in your application as needed. 
W1031 12:10:30.867000 94665 torch/distributed/run.py:792] *****************************************
W1031 12:10:30.867000 147463 torch/distributed/run.py:792] 
W1031 12:10:30.867000 147463 torch/distributed/run.py:792] *****************************************
W1031 12:10:30.867000 147463 torch/distributed/run.py:792] Setting OMP_NUM_THREADS environment variable for each process to be 1 in default, to avoid your system being overloaded, please further tune the variable for optimal performance in your application as needed. 
W1031 12:10:30.867000 147463 torch/distributed/run.py:792] *****************************************
W1031 12:10:30.867000 165001 torch/distributed/run.py:792] 
W1031 12:10:30.867000 165001 torch/distributed/run.py:792] *****************************************
W1031 12:10:30.867000 165001 torch/distributed/run.py:792] Setting OMP_NUM_THREADS environment variable for each process to be 1 in default, to avoid your system being overloaded, please further tune the variable for optimal performance in your application as needed. 
W1031 12:10:30.867000 165001 torch/distributed/run.py:792] *****************************************
[rank12]:[W1031 12:10:37.021373780 ProcessGroupNCCL.cpp:4454] [PG ID 0 PG GUID 0 Rank 12]  using GPU 0 to perform barrier as devices used by this process are currently unknown. This can potentially cause a hang if this rank to GPU mapping is incorrect. Specify device_ids in barrier() to force use of a particular device, or call init_process_group() with a device_id.
[rank8]:[W1031 12:10:37.505093207 ProcessGroupNCCL.cpp:4454] [PG ID 0 PG GUID 0 Rank 8]  using GPU 0 to perform barrier as devices used by this process are currently unknown. This can potentially cause a hang if this rank to GPU mapping is incorrect. Specify device_ids in barrier() to force use of a particular device, or call init_process_group() with a device_id.
[rank0]:[W1031 12:10:37.420798772 ProcessGroupNCCL.cpp:4454] [PG ID 0 PG GUID 0 Rank 0]  using GPU 0 to perform barrier as devices used by this process are currently unknown. This can potentially cause a hang if this rank to GPU mapping is incorrect. Specify device_ids in barrier() to force use of a particular device, or call init_process_group() with a device_id.
[rank4]:[W1031 12:10:37.622268514 ProcessGroupNCCL.cpp:4454] [PG ID 0 PG GUID 0 Rank 4]  using GPU 0 to perform barrier as devices used by this process are currently unknown. This can potentially cause a hang if this rank to GPU mapping is incorrect. Specify device_ids in barrier() to force use of a particular device, or call init_process_group() with a device_id.
[rank3]:[W1031 12:10:37.492220584 ProcessGroupNCCL.cpp:4454] [PG ID 0 PG GUID 0 Rank 3]  using GPU 3 to perform barrier as devices used by this process are currently unknown. This can potentially cause a hang if this rank to GPU mapping is incorrect. Specify device_ids in barrier() to force use of a particular device, or call init_process_group() with a device_id.
[rank9]:[W1031 12:10:37.622295336 ProcessGroupNCCL.cpp:4454] [PG ID 0 PG GUID 0 Rank 9]  using GPU 1 to perform barrier as devices used by this process are currently unknown. This can potentially cause a hang if this rank to GPU mapping is incorrect. Specify device_ids in barrier() to force use of a particular device, or call init_process_group() with a device_id.
[rank1]:[W1031 12:10:37.522053989 ProcessGroupNCCL.cpp:4454] [PG ID 0 PG GUID 0 Rank 1]  using GPU 1 to perform barrier as devices used by this process are currently unknown. This can potentially cause a hang if this rank to GPU mapping is incorrect. Specify device_ids in barrier() to force use of a particular device, or call init_process_group() with a device_id.
[rank2]:[W1031 12:10:37.531778719 ProcessGroupNCCL.cpp:4454] [PG ID 0 PG GUID 0 Rank 2]  using GPU 2 to perform barrier as devices used by this process are currently unknown. This can potentially cause a hang if this rank to GPU mapping is incorrect. Specify device_ids in barrier() to force use of a particular device, or call init_process_group() with a device_id.
[rank7]:[W1031 12:10:37.752806331 ProcessGroupNCCL.cpp:4454] [PG ID 0 PG GUID 0 Rank 7]  using GPU 3 to perform barrier as devices used by this process are currently unknown. This can potentially cause a hang if this rank to GPU mapping is incorrect. Specify device_ids in barrier() to force use of a particular device, or call init_process_group() with a device_id.
[rank6]:[W1031 12:10:37.752806779 ProcessGroupNCCL.cpp:4454] [PG ID 0 PG GUID 0 Rank 6]  using GPU 2 to perform barrier as devices used by this process are currently unknown. This can potentially cause a hang if this rank to GPU mapping is incorrect. Specify device_ids in barrier() to force use of a particular device, or call init_process_group() with a device_id.
[rank5]:[W1031 12:10:37.761798077 ProcessGroupNCCL.cpp:4454] [PG ID 0 PG GUID 0 Rank 5]  using GPU 1 to perform barrier as devices used by this process are currently unknown. This can potentially cause a hang if this rank to GPU mapping is incorrect. Specify device_ids in barrier() to force use of a particular device, or call init_process_group() with a device_id.
[rank10]:[W1031 12:10:38.772486923 ProcessGroupNCCL.cpp:4454] [PG ID 0 PG GUID 0 Rank 10]  using GPU 2 to perform barrier as devices used by this process are currently unknown. This can potentially cause a hang if this rank to GPU mapping is incorrect. Specify device_ids in barrier() to force use of a particular device, or call init_process_group() with a device_id.
[rank13]:[W1031 12:10:38.342617618 ProcessGroupNCCL.cpp:4454] [PG ID 0 PG GUID 0 Rank 13]  using GPU 1 to perform barrier as devices used by this process are currently unknown. This can potentially cause a hang if this rank to GPU mapping is incorrect. Specify device_ids in barrier() to force use of a particular device, or call init_process_group() with a device_id.
[rank11]:[W1031 12:10:38.831655493 ProcessGroupNCCL.cpp:4454] [PG ID 0 PG GUID 0 Rank 11]  using GPU 3 to perform barrier as devices used by this process are currently unknown. This can potentially cause a hang if this rank to GPU mapping is incorrect. Specify device_ids in barrier() to force use of a particular device, or call init_process_group() with a device_id.
[rank14]:[W1031 12:10:38.353523356 ProcessGroupNCCL.cpp:4454] [PG ID 0 PG GUID 0 Rank 14]  using GPU 2 to perform barrier as devices used by this process are currently unknown. This can potentially cause a hang if this rank to GPU mapping is incorrect. Specify device_ids in barrier() to force use of a particular device, or call init_process_group() with a device_id.
[rank15]:[W1031 12:10:38.381915684 ProcessGroupNCCL.cpp:4454] [PG ID 0 PG GUID 0 Rank 15]  using GPU 3 to perform barrier as devices used by this process are currently unknown. This can potentially cause a hang if this rank to GPU mapping is incorrect. Specify device_ids in barrier() to force use of a particular device, or call init_process_group() with a device_id.
